<?xml version="1.0" encoding="UTF-8"?>
<!-- Generated by org.testng.reporters.JUnitReportReporter -->
<testsuite skipped="0" hostname="LAPTOP-VIVBKSLH" name="E2ETestCase.ValidateText" tests="1" failures="0" timestamp="2020-04-17T21:55:07 EDT" time="0.123" errors="0">
  <testcase name="text_course" time="0.123" classname="E2ETestCase.ValidateText"/>
</testsuite> <!-- E2ETestCase.ValidateText -->
