<?xml version="1.0" encoding="UTF-8"?>
<!-- Generated by org.testng.reporters.JUnitReportReporter -->
<testsuite skipped="0" hostname="LAPTOP-VIVBKSLH" name="E2ETestCase.validateNavigation" tests="1" failures="0" timestamp="2020-04-17T21:55:07 EDT" time="3.693" errors="0">
  <testcase name="validate_nav" time="3.693" classname="E2ETestCase.validateNavigation"/>
</testsuite> <!-- E2ETestCase.validateNavigation -->
